<?xml version="1.0" encoding="UTF-8"?>
<!-- Generated by org.testng.reporters.JUnitXMLReporter -->
<testsuite ignored="1" hostname="LAPTOP-U1F7AI83" failures="0" tests="14" name="Default test" time="1.739" errors="0" timestamp="2022-06-21T20:38:27 IST">
  <testcase classname="testng.TestAnnotation" name="atest2" time="0.008"/>
  <testcase classname="testng.TestAnnotation" name="atest2" time="0.002"/>
  <testcase classname="testng.TestAnnotation" name="parameteriseAnno" time="0.002"/>
  <testcase classname="testng.TestAnnotation" name="parameteriseAnno" time="0.003"/>
  <testcase classname="testng.TestAnnotation" name="parameteriseAnno" time="0.01"/>
  <testcase classname="testng.TestAnnotation" name="parameteriseAnnoArr" time="0.005"/>
  <testcase classname="testng.TestAnnotation" name="parameteriseAnnoArr" time="0.001"/>
  <testcase classname="testng.TestAnnotation" name="parameteriseAnnoArr" time="0.002"/>
  <testcase classname="testng.TestAnnotation" name="parameteriseAnnoStr" time="0.004"/>
  <testcase classname="testng.TestAnnotation" name="parameteriseAnnoStr" time="0.0"/>
  <testcase classname="testng.TestAnnotation" name="parameteriseAnnoStr" time="0.002"/>
  <testcase classname="testng.TestAnnotation" name="test5" time="0.005"/>
  <testcase classname="testng.TestAnnotation" name="mtest3" time="0.0"/>
  <testcase classname="testng.TestAnnotation" name="xtest1" time="0.002"/>
  <testcase classname="testng.TestAnnotation" name="test4" time="0.0">
    <ignored/>
  </testcase> <!-- test4 -->
</testsuite> <!-- Default test -->
