<?xml version="1.0" encoding="UTF-8"?>
<!-- Generated by org.testng.reporters.JUnitXMLReporter -->
<testsuite ignored="1" hostname="LAPTOP-U1F7AI83" failures="1" tests="8" name="Test" time="80.408" errors="0" timestamp="2022-06-19T19:52:45 IST">
  <testcase classname="zerodha.pom.TestLoginPage" name="LoginPage" time="2.79"/>
  <testcase classname="pom.testng.TestFacebookLoginPage" name="facebookLoginTestPage" time="2.111"/>
  <testcase classname="pom.testng.TestFaceBookCreateNewAccPage" name="createNewAcc" time="3.46"/>
  <testcase classname="testng.TestAnnotation" name="atest2" time="0.003"/>
  <testcase classname="testng.TestAnnotation" name="atest2" time="0.002"/>
  <testcase classname="testng.TestAnnotation" name="test5" time="2.013">
    <failure type="org.testng.internal.thread.ThreadTimeoutException" message="Method testng.TestAnnotation.test5() didn&amp;apos;t finish within the time-out 2000">
      <![CDATA[org.testng.internal.thread.ThreadTimeoutException: Method testng.TestAnnotation.test5() didn't finish within the time-out 2000
at java.base@17.0.2/java.lang.Thread.sleep(Native Method)
at app//testng.TestAnnotation.test5(TestAnnotation.java:61)
at java.base@17.0.2/java.util.concurrent.FutureTask.run(FutureTask.java:264)
at java.base@17.0.2/java.util.concurrent.ThreadPoolExecutor.runWorker(ThreadPoolExecutor.java:1136)
at java.base@17.0.2/java.util.concurrent.ThreadPoolExecutor$Worker.run(ThreadPoolExecutor.java:635)
at java.base@17.0.2/java.lang.Thread.run(Thread.java:833)
... Removed 8 stack frames]]>
    </failure>
  </testcase> <!-- test5 -->
  <testcase classname="testng.TestAnnotation" name="mtest3" time="0.0">
    <skipped/>
  </testcase> <!-- mtest3 -->
  <testcase classname="testng.TestAnnotation" name="xtest1" time="0.004"/>
  <testcase classname="testng.TestAnnotation" name="test4" time="0.0">
    <ignored/>
  </testcase> <!-- test4 -->
</testsuite> <!-- Test -->
